<?xml version="1.0" encoding="UTF-8"?>
<!-- Generated by org.testng.reporters.JUnitXMLReporter -->
<testsuite ignored="0" hostname="Dip" failures="0" tests="3" name="Test" time="41.347" errors="0" timestamp="2022-11-29T22:52:04 IST">
  <testcase classname="neoStoxTestClass.NeoStoxValidatingUN" name="validateUserName" time="0.052"/>
  <testcase classname="neoStoxTestClass.ValidatingNewOptionOnNeoStox" name="validateBasket" time="0.453"/>
  <testcase classname="neoStoxTestClass.ValidatingFundsNeoStox" name="validateAccBal" time="0.56"/>
</testsuite> <!-- Test -->
